     [echo] Running dita2word-2-ncs-ld...
  [foreach] The nested fileset element is deprectated, use a nested path instead

postprocesstopics:
     [xslt] Processing /Users/jmckay/Documents/Content/ncs_content/9780130210100/out/word2dita/A01/topics/A01_topic_1.xml to /Users/jmckay/Documents/Content/ncs_content/9780130210100/out/word2dita/A01/topics/temp/A01_topic_1.xml
     [xslt] Loading stylesheet /Applications/Oxygen XML Editor/frameworks/dita/DITA-OT2.x/plugins/com.nccer.ld.word2ncs/xsl/ncspostproc.xsl
     [xslt] Processing /Users/jmckay/Documents/Content/ncs_content/9780130210100/out/word2dita/A01/topics/temp/A01_topic_1.xml to /Users/jmckay/Documents/Content/ncs_content/9780130210100/out/word2dita/A01/topics/english/A01_topic_1.xml
     [xslt] Loading stylesheet /Applications/Oxygen XML Editor/frameworks/dita/DITA-OT2.x/plugins/com.nccer.ld.word2ncs/xsl/ncsfinalpass.xsl

postprocesstopics:
     [xslt] Processing /Users/jmckay/Documents/Content/ncs_content/9780130210100/out/word2dita/A01/topics/A01_topic_1_1.xml to /Users/jmckay/Documents/Content/ncs_content/9780130210100/out/word2dita/A01/topics/temp/A01_topic_1_1.xml
     [xslt] Loading stylesheet /Applications/Oxygen XML Editor/frameworks/dita/DITA-OT2.x/plugins/com.nccer.ld.word2ncs/xsl/ncspostproc.xsl
     [xslt] Processing /Users/jmckay/Documents/Content/ncs_content/9780130210100/out/word2dita/A01/topics/temp/A01_topic_1_1.xml to /Users/jmckay/Documents/Content/ncs_content/9780130210100/out/word2dita/A01/topics/english/A01_topic_1_1.xml
     [xslt] Loading stylesheet /Applications/Oxygen XML Editor/frameworks/dita/DITA-OT2.x/plugins/com.nccer.ld.word2ncs/xsl/ncsfinalpass.xsl

postprocesstopics:
     [xslt] Processing /Users/jmckay/Documents/Content/ncs_content/9780130210100/out/word2dita/A01/topics/A01_topic_1_2.xml to /Users/jmckay/Documents/Content/ncs_content/9780130210100/out/word2dita/A01/topics/temp/A01_topic_1_2.xml
     [xslt] Loading stylesheet /Applications/Oxygen XML Editor/frameworks/dita/DITA-OT2.x/plugins/com.nccer.ld.word2ncs/xsl/ncspostproc.xsl
     [xslt] rawtitle: 
     [xslt] []
     [xslt] Processing /Users/jmckay/Documents/Content/ncs_content/9780130210100/out/word2dita/A01/topics/temp/A01_topic_1_2.xml to /Users/jmckay/Documents/Content/ncs_content/9780130210100/out/word2dita/A01/topics/english/A01_topic_1_2.xml
     [xslt] Loading stylesheet /Applications/Oxygen XML Editor/frameworks/dita/DITA-OT2.x/plugins/com.nccer.ld.word2ncs/xsl/ncsfinalpass.xsl

postprocesstopics:
     [xslt] Processing /Users/jmckay/Documents/Content/ncs_content/9780130210100/out/word2dita/A01/topics/A01_topic_1_3.xml to /Users/jmckay/Documents/Content/ncs_content/9780130210100/out/word2dita/A01/topics/temp/A01_topic_1_3.xml
     [xslt] Loading stylesheet /Applications/Oxygen XML Editor/frameworks/dita/DITA-OT2.x/plugins/com.nccer.ld.word2ncs/xsl/ncspostproc.xsl
     [xslt] Processing /Users/jmckay/Documents/Content/ncs_content/9780130210100/out/word2dita/A01/topics/temp/A01_topic_1_3.xml to /Users/jmckay/Documents/Content/ncs_content/9780130210100/out/word2dita/A01/topics/english/A01_topic_1_3.xml
     [xslt] Loading stylesheet /Applications/Oxygen XML Editor/frameworks/dita/DITA-OT2.x/plugins/com.nccer.ld.word2ncs/xsl/ncsfinalpass.xsl
  [foreach] The nested fileset element is deprectated, use a nested path instead

postprocessmaps:
     [xslt] Processing /Users/jmckay/Documents/Content/ncs_content/9780130210100/out/word2dita/A01/Frontmatter.ditamap to /Users/jmckay/Documents/Content/ncs_content/9780130210100/out/word2dita/A01/maps/english/Frontmatter.ditamap.1st
     [xslt] Loading stylesheet /Applications/Oxygen XML Editor/frameworks/dita/DITA-OT2.x/plugins/com.nccer.ld.word2ncs/xsl/ncspostproc.xsl
     [echo] in='/Users/jmckay/Documents/Content/ncs_content/9780130210100/NCSword/english/../../out/word2dita/A01/maps/english/Frontmatter.ditamap.1st'             out='/Users/jmckay/Documents/Content/ncs_content/9780130210100/NCSword/english/../../out/word2dita/A01/maps/english/Frontmatter.ditamap'             inputdir='/Users/jmckay/Documents/Content/ncs_content/9780130210100/NCSword/english/../../out/word2dita/A01/maps/english/'
     [xslt] Processing /Users/jmckay/Documents/Content/ncs_content/9780130210100/out/word2dita/A01/maps/english/Frontmatter.ditamap.1st to /Users/jmckay/Documents/Content/ncs_content/9780130210100/out/word2dita/A01/maps/english/Frontmatter.ditamap
     [xslt] Loading stylesheet /Applications/Oxygen XML Editor/frameworks/dita/DITA-OT2.x/plugins/com.nccer.ld.word2ncs/xsl/ncsgrouptopicrefs.xsl
   [delete] Deleting: /Users/jmckay/Documents/Content/ncs_content/9780130210100/out/word2dita/A01/maps/english/Frontmatter.ditamap.1st
   [delete] Deleting directory /Users/jmckay/Documents/Content/ncs_content/9780130210100/out/word2dita/A01/topics/temp
